# JRE version: OpenJDK Runtime Environment (19.0.2+7) (build 19.0.2+7-44)
# Java VM: OpenJDK 64-Bit Server VM (19.0.2+7-44, mixed mode, sharing, tiered, compressed oops, compressed class ptrs, g1 gc, windows-amd64)
GC Precious Log:
 CardTable entry size: 512
 Card Set container configuration: InlinePtr #cards 5 size 8 Array Of Cards #cards 12 size 40 Howl #buckets 4 coarsen threshold 1843 Howl Bitmap #cards 512 size 80 coarsen threshold 460 Card regions per heap region 1 cards per card region 2048
 CPUs: 8 total, 8 available
 Memory: 8034M
 Large Page Support: Disabled
 NUMA Support: Disabled
 Compressed Oops: Enabled (32-bit)
 Heap Region Size: 1M
 Heap Min Capacity: 8M
 Heap Initial Capacity: 126M
 Heap Max Capacity: 2010M
 Pre-touch: Disabled
 Parallel Workers: 8
 Concurrent Workers: 2
 Concurrent Refinement Workers: 8
 Periodic GC: Disabled
Heap:
 garbage-first heap   total 102400K, used 49508K [0x0000000082600000, 0x0000000100000000)
  region size 1024K, 13 young (13312K), 3 survivors (3072K)
 Metaspace       used 78479K, committed 79168K, reserved 1179648K
  class space    used 10206K, committed 10496K, reserved 1048576K
GC Heap History (20 events):
Event: 4.000 GC heap before
{Heap before GC invocations=9 (full 0):
 garbage-first heap   total 131072K, used 28794K [0x0000000082600000, 0x0000000100000000)
  region size 1024K, 6 young (6144K), 2 survivors (2048K)
 Metaspace       used 42052K, committed 42624K, reserved 1114112K
  class space    used 5204K, committed 5504K, reserved 1048576K
}
Event: 4.002 GC heap after
{Heap after GC invocations=10 (full 0):
 garbage-first heap   total 131072K, used 24550K [0x0000000082600000, 0x0000000100000000)
  region size 1024K, 1 young (1024K), 1 survivors (1024K)
 Metaspace       used 42052K, committed 42624K, reserved 1114112K
  class space    used 5204K, committed 5504K, reserved 1048576K
}
Event: 5.332 GC heap before
{Heap before GC invocations=10 (full 0):
 garbage-first heap   total 131072K, used 95206K [0x0000000082600000, 0x0000000100000000)
  region size 1024K, 71 young (72704K), 1 survivors (1024K)
 Metaspace       used 57242K, committed 57792K, reserved 1114112K
  class space    used 7401K, committed 7680K, reserved 1048576K
}
Event: 5.335 GC heap after
{Heap after GC invocations=11 (full 0):
 garbage-first heap   total 131072K, used 27657K [0x0000000082600000, 0x0000000100000000)
  region size 1024K, 4 young (4096K), 4 survivors (4096K)
 Metaspace       used 57242K, committed 57792K, reserved 1114112K
  class space    used 7401K, committed 7680K, reserved 1048576K
}
Event: 5.562 GC heap before
{Heap before GC invocations=11 (full 0):
 garbage-first heap   total 131072K, used 43017K [0x0000000082600000, 0x0000000100000000)
  region size 1024K, 20 young (20480K), 4 survivors (4096K)
 Metaspace       used 59912K, committed 60416K, reserved 1114112K
  class space    used 7766K, committed 8000K, reserved 1048576K
}
Event: 5.566 GC heap after
{Heap after GC invocations=12 (full 0):
 garbage-first heap   total 131072K, used 28978K [0x0000000082600000, 0x0000000100000000)
  region size 1024K, 5 young (5120K), 5 survivors (5120K)
 Metaspace       used 59912K, committed 60416K, reserved 1114112K
  class space    used 7766K, committed 8000K, reserved 1048576K
}
Event: 6.203 GC heap before
{Heap before GC invocations=13 (full 0):
 garbage-first heap   total 102400K, used 84274K [0x0000000082600000, 0x0000000100000000)
  region size 1024K, 60 young (61440K), 5 survivors (5120K)
 Metaspace       used 66083K, committed 66688K, reserved 1114112K
  class space    used 8856K, committed 9152K, reserved 1048576K
}
Event: 6.208 GC heap after
{Heap after GC invocations=14 (full 0):
 garbage-first heap   total 102400K, used 32353K [0x0000000082600000, 0x0000000100000000)
  region size 1024K, 5 young (5120K), 5 survivors (5120K)
 Metaspace       used 66083K, committed 66688K, reserved 1114112K
  class space    used 8856K, committed 9152K, reserved 1048576K
}
Event: 6.224 GC heap before
{Heap before GC invocations=14 (full 0):
 garbage-first heap   total 102400K, used 33377K [0x0000000082600000, 0x0000000100000000)
  region size 1024K, 6 young (6144K), 5 survivors (5120K)
 Metaspace       used 66318K, committed 66944K, reserved 1114112K
  class space    used 8887K, committed 9216K, reserved 1048576K
}
Event: 6.227 GC heap after
{Heap after GC invocations=15 (full 0):
 garbage-first heap   total 102400K, used 32932K [0x0000000082600000, 0x0000000100000000)
  region size 1024K, 1 young (1024K), 1 survivors (1024K)
 Metaspace       used 66318K, committed 66944K, reserved 1114112K
  class space    used 8887K, committed 9216K, reserved 1048576K
}
Event: 24.596 GC heap before
{Heap before GC invocations=15 (full 0):
 garbage-first heap   total 102400K, used 77988K [0x0000000082600000, 0x0000000100000000)
  region size 1024K, 46 young (47104K), 1 survivors (1024K)
 Metaspace       used 74347K, committed 75008K, reserved 1114112K
  class space    used 9916K, committed 10240K, reserved 1048576K
}
Event: 24.603 GC heap after
{Heap after GC invocations=16 (full 0):
 garbage-first heap   total 102400K, used 36971K [0x0000000082600000, 0x0000000100000000)
  region size 1024K, 5 young (5120K), 5 survivors (5120K)
 Metaspace       used 74347K, committed 75008K, reserved 1114112K
  class space    used 9916K, committed 10240K, reserved 1048576K
}
Event: 383.398 GC heap before
{Heap before GC invocations=16 (full 0):
 garbage-first heap   total 102400K, used 77931K [0x0000000082600000, 0x0000000100000000)
  region size 1024K, 46 young (47104K), 5 survivors (5120K)
 Metaspace       used 76691K, committed 77376K, reserved 1179648K
  class space    used 10041K, committed 10368K, reserved 1048576K
}
Event: 383.404 GC heap after
{Heap after GC invocations=17 (full 0):
 garbage-first heap   total 102400K, used 39837K [0x0000000082600000, 0x0000000100000000)
  region size 1024K, 5 young (5120K), 5 survivors (5120K)
 Metaspace       used 76691K, committed 77376K, reserved 1179648K
  class space    used 10041K, committed 10368K, reserved 1048576K
}
Event: 445.380 GC heap before
{Heap before GC invocations=17 (full 0):
 garbage-first heap   total 102400K, used 79773K [0x0000000082600000, 0x0000000100000000)
  region size 1024K, 44 young (45056K), 5 survivors (5120K)
 Metaspace       used 76834K, committed 77504K, reserved 1179648K
  class space    used 10042K, committed 10368K, reserved 1048576K
}
Event: 445.383 GC heap after
{Heap after GC invocations=18 (full 0):
 garbage-first heap   total 102400K, used 40123K [0x0000000082600000, 0x0000000100000000)
  region size 1024K, 4 young (4096K), 4 survivors (4096K)
 Metaspace       used 76834K, committed 77504K, reserved 1179648K
  class space    used 10042K, committed 10368K, reserved 1048576K
}
Event: 3682.787 GC heap before
{Heap before GC invocations=18 (full 0):
 garbage-first heap   total 102400K, used 79035K [0x0000000082600000, 0x0000000100000000)
  region size 1024K, 43 young (44032K), 4 survivors (4096K)
 Metaspace       used 77237K, committed 77888K, reserved 1179648K
  class space    used 10052K, committed 10368K, reserved 1048576K
}
Event: 3682.812 GC heap after
{Heap after GC invocations=19 (full 0):
 garbage-first heap   total 102400K, used 41640K [0x0000000082600000, 0x0000000100000000)
  region size 1024K, 5 young (5120K), 5 survivors (5120K)
 Metaspace       used 77237K, committed 77888K, reserved 1179648K
  class space    used 10052K, committed 10368K, reserved 1048576K
}
Event: 4714.014 GC heap before
{Heap before GC invocations=19 (full 0):
 garbage-first heap   total 102400K, used 79528K [0x0000000082600000, 0x0000000100000000)
  region size 1024K, 42 young (43008K), 5 survivors (5120K)
 Metaspace       used 78479K, committed 79168K, reserved 1179648K
  class space    used 10206K, committed 10496K, reserved 1048576K
}
Event: 4714.046 GC heap after
{Heap after GC invocations=20 (full 0):
 garbage-first heap   total 102400K, used 40292K [0x0000000082600000, 0x0000000100000000)
  region size 1024K, 3 young (3072K), 3 survivors (3072K)
 Metaspace       used 78479K, committed 79168K, reserved 1179648K
  class space    used 10206K, committed 10496K, reserved 1048576K
}

